<?xml version="1.0" encoding="UTF-8"?>
<!-- Generated by org.testng.reporters.JUnitReportReporter -->
<testsuite skipped="0" hostname="ATMECSINLT-220" name="com.glooko.tests.login.LoginTest" tests="1" failures="0" timestamp="16 Nov 2018 09:04:52 GMT" time="89.410" errors="0">
  <testcase name="logintest" time="89.410" classname="com.glooko.tests.login.LoginTest"/>
</testsuite> <!-- com.glooko.tests.login.LoginTest -->
